[debug] [2019-11-06T02:44:31.849Z] ----------------------------------------------------------------------
[debug] [2019-11-06T02:44:31.852Z] Command:       /Users/diasalexandre/.nvm/versions/node/v9.4.0/bin/node /Users/diasalexandre/.nvm/versions/node/v9.4.0/bin/firebase deploy
[debug] [2019-11-06T02:44:31.852Z] CLI Version:   7.6.2
[debug] [2019-11-06T02:44:31.852Z] Platform:      darwin
[debug] [2019-11-06T02:44:31.852Z] Node Version:  v9.4.0
[debug] [2019-11-06T02:44:31.853Z] Time:          Wed Nov 06 2019 02:44:31 GMT+0000 (WET)
[debug] [2019-11-06T02:44:31.853Z] ----------------------------------------------------------------------
[debug] [2019-11-06T02:44:31.853Z] 
[debug] [2019-11-06T02:44:31.864Z] > command requires scopes: ["email","openid","https://www.googleapis.com/auth/cloudplatformprojects.readonly","https://www.googleapis.com/auth/firebase","https://www.googleapis.com/auth/cloud-platform"]
[debug] [2019-11-06T02:44:31.864Z] > authorizing via signed-in user
[debug] [2019-11-06T02:44:31.864Z] [iam] checking project diasalexandre-challenges for permissions ["cloudfunctions.functions.create","cloudfunctions.functions.delete","cloudfunctions.functions.get","cloudfunctions.functions.list","cloudfunctions.functions.update","cloudfunctions.operations.get","firebase.projects.get","firebasehosting.sites.update"]
[debug] [2019-11-06T02:44:31.868Z] >>> HTTP REQUEST POST https://cloudresourcemanager.googleapis.com/v1/projects/diasalexandre-challenges:testIamPermissions  

[debug] [2019-11-06T02:44:32.817Z] <<< HTTP RESPONSE 200
[debug] [2019-11-06T02:44:32.819Z] >>> HTTP REQUEST GET https://firebase.googleapis.com/v1beta1/projects/diasalexandre-challenges  
 
[debug] [2019-11-06T02:44:33.121Z] <<< HTTP RESPONSE 200
[info] 
[info] === Deploying to 'diasalexandre-challenges'...
[info] 
[info] i  deploying functions, hosting
[info] Running command: npm --prefix "$RESOURCE_DIR" run lint
[info] ✔  functions: Finished running predeploy script.
[debug] [2019-11-06T02:44:36.116Z] > [functions] package.json contents: {
  "name": "functions",
  "description": "Cloud Functions for Firebase",
  "scripts": {
    "lint": "eslint .",
    "serve": "firebase serve --only functions",
    "shell": "firebase functions:shell",
    "start": "npm run shell",
    "deploy": "firebase deploy --only functions",
    "logs": "firebase functions:log"
  },
  "engines": {
    "node": "8"
  },
  "dependencies": {
    "cors": "^2.8.5",
    "express": "^4.17.1",
    "firebase-admin": "^8.6.0",
    "firebase-functions": "^3.3.0",
    "jsonschema": "^1.2.4",
    "opencage-api-client": "^0.5.0",
    "request": "^2.88.0",
    "request-promise": "^4.2.5"
  },
  "devDependencies": {
    "eslint": "^5.12.0",
    "eslint-plugin-promise": "^4.0.1",
    "firebase-functions-test": "^0.1.6"
  },
  "private": true
}
[info] i  functions: ensuring necessary APIs are enabled...
[debug] [2019-11-06T02:44:36.118Z] >>> HTTP REQUEST GET https://serviceusage.googleapis.com/v1/projects/diasalexandre-challenges/services/cloudfunctions.googleapis.com  
 
[debug] [2019-11-06T02:44:36.118Z] >>> HTTP REQUEST GET https://serviceusage.googleapis.com/v1/projects/diasalexandre-challenges/services/runtimeconfig.googleapis.com  
 
[debug] [2019-11-06T02:44:37.116Z] <<< HTTP RESPONSE 200
[debug] [2019-11-06T02:44:37.139Z] <<< HTTP RESPONSE 200
[info] ✔  functions: all necessary APIs are enabled
[debug] [2019-11-06T02:44:37.139Z] >>> HTTP REQUEST GET https://firebase.googleapis.com/v1beta1/projects/diasalexandre-challenges/adminSdkConfig  
 
[debug] [2019-11-06T02:44:37.421Z] <<< HTTP RESPONSE 200
[debug] [2019-11-06T02:44:37.423Z] >>> HTTP REQUEST POST https://firebasehosting.googleapis.com/v1beta1/sites/diasalexandre-challenges/versions  

[debug] [2019-11-06T02:44:38.957Z] <<< HTTP RESPONSE 200
[info] i  functions: preparing functions directory for uploading...
[debug] [2019-11-06T02:44:38.960Z] >>> HTTP REQUEST GET https://runtimeconfig.googleapis.com/v1beta1/projects/diasalexandre-challenges/configs  
 
[debug] [2019-11-06T02:44:39.367Z] <<< HTTP RESPONSE 200
[info] i  functions: packaged functions (41.49 KB) for uploading
[debug] [2019-11-06T02:44:39.963Z] >>> HTTP REQUEST POST https://cloudfunctions.googleapis.com/v1/projects/diasalexandre-challenges/locations/us-central1/functions:generateUploadUrl  
 
[debug] [2019-11-06T02:44:40.510Z] <<< HTTP RESPONSE 200
[debug] [2019-11-06T02:44:40.511Z] >>> HTTP REQUEST PUT https://storage.googleapis.com/gcf-upload-us-central1-a5a4802f-7a50-477e-a90c-db7f934100c6/28f77a0d-9174-403f-8d6d-362c47a57ec4.zip?GoogleAccessId=service-903763976317@gcf-admin-robot.iam.gserviceaccount.com&Expires=1573010124&Signature=G1QumTo8ZvYL%2BtCRIz8oNxBHbb0yi%2B%2BGPX1R4C5QyjFTad0g6fWn002YtI%2FmwsLZ0DYzT4SnFhZ56XoD0MmAw3Etf%2B0i%2FR7cWZFf3WeHxB9iYbZ6LY52vTufOjhcwMHYr0QVFE6fmFBd8z6vomsuB1T4vEdCYvvOiBrOx2Rw2fFegMDYTyE0moIyR38Oo4qwS2d6rqp6lgqSlHAfPDqoowZC55MNdJmgQOsa96jzgZfYLC9EYk5GpiHkt8SbTz7vrC5G5jEhSXrpKNhVhemNeuHT8%2FIsk7MnEklQa29bsa7rd7RX1wB32mCKDrGy%2FYishfY0Rk03DE3mIcZZZHpGzw%3D%3D  
 <request body omitted>
[debug] [2019-11-06T02:44:40.902Z] <<< HTTP RESPONSE 200
[info] ✔  functions: functions folder uploaded successfully
[info] i  hosting[diasalexandre-challenges]: beginning deploy...
[info] i  hosting[diasalexandre-challenges]: found 4 files in public
[debug] [2019-11-06T02:44:40.914Z] [hosting] hash cache [cHVibGlj] stored for 4 files
[debug] [2019-11-06T02:44:40.914Z] [hosting][hash queue][FINAL]
[debug] [2019-11-06T02:44:40.915Z] >>> HTTP REQUEST POST https://firebasehosting.googleapis.com/v1beta1/sites/diasalexandre-challenges/versions/b09383caad421653:populateFiles  
 <request body omitted>
[debug] [2019-11-06T02:44:42.337Z] <<< HTTP RESPONSE 200
[debug] [2019-11-06T02:44:42.337Z] [hosting][populate queue][FINAL]
[debug] [2019-11-06T02:44:42.338Z] [hosting] uploads queued: 0
[debug] [2019-11-06T02:44:42.338Z] [hosting][upload queue][FINAL]
[info] ✔  hosting[diasalexandre-challenges]: file upload complete
[debug] [2019-11-06T02:44:42.338Z] [hosting] deploy completed after 1435ms
[debug] [2019-11-06T02:44:42.441Z] >>> HTTP REQUEST GET https://cloudfunctions.googleapis.com/v1/projects/diasalexandre-challenges/locations/-/functions  
 
[debug] [2019-11-06T02:44:42.951Z] <<< HTTP RESPONSE 200
[info] i  functions: updating Node.js 8 function app(us-central1)...
[debug] [2019-11-06T02:44:42.954Z] Trigger is:  {"httpsTrigger":{}}
[debug] [2019-11-06T02:44:42.955Z] >>> HTTP REQUEST GET https://serviceusage.googleapis.com/v1/projects/diasalexandre-challenges/services/cloudscheduler.googleapis.com  
 
[debug] [2019-11-06T02:44:43.975Z] <<< HTTP RESPONSE 200
[debug] [2019-11-06T02:44:43.977Z] >>> HTTP REQUEST PATCH https://cloudfunctions.googleapis.com/v1/projects/diasalexandre-challenges/locations/us-central1/functions/app {"updateMask":"sourceUploadUrl,name,labels,runtime,httpsTrigger"} 

[debug] [2019-11-06T02:44:44.451Z] <<< HTTP RESPONSE 200
[debug] [2019-11-06T02:44:44.453Z] >>> HTTP REQUEST GET https://cloudfunctions.googleapis.com/v1/projects/diasalexandre-challenges/locations/-/functions  
 
[debug] [2019-11-06T02:44:44.897Z] <<< HTTP RESPONSE 200
[debug] [2019-11-06T02:44:44.899Z] >>> HTTP REQUEST GET https://cloudfunctions.googleapis.com/v1/operations/ZGlhc2FsZXhhbmRyZS1jaGFsbGVuZ2VzL3VzLWNlbnRyYWwxL2FwcC9PXzRudUtFcjVEbw  
 
[debug] [2019-11-06T02:44:45.204Z] <<< HTTP RESPONSE 200
[debug] [2019-11-06T02:44:47.208Z] >>> HTTP REQUEST GET https://cloudfunctions.googleapis.com/v1/operations/ZGlhc2FsZXhhbmRyZS1jaGFsbGVuZ2VzL3VzLWNlbnRyYWwxL2FwcC9PXzRudUtFcjVEbw  
 
[debug] [2019-11-06T02:44:47.560Z] <<< HTTP RESPONSE 200
[debug] [2019-11-06T02:44:49.565Z] >>> HTTP REQUEST GET https://cloudfunctions.googleapis.com/v1/operations/ZGlhc2FsZXhhbmRyZS1jaGFsbGVuZ2VzL3VzLWNlbnRyYWwxL2FwcC9PXzRudUtFcjVEbw  
 
[debug] [2019-11-06T02:44:49.915Z] <<< HTTP RESPONSE 200
[debug] [2019-11-06T02:44:51.920Z] >>> HTTP REQUEST GET https://cloudfunctions.googleapis.com/v1/operations/ZGlhc2FsZXhhbmRyZS1jaGFsbGVuZ2VzL3VzLWNlbnRyYWwxL2FwcC9PXzRudUtFcjVEbw  
 
[debug] [2019-11-06T02:44:52.270Z] <<< HTTP RESPONSE 200
[debug] [2019-11-06T02:44:54.272Z] >>> HTTP REQUEST GET https://cloudfunctions.googleapis.com/v1/operations/ZGlhc2FsZXhhbmRyZS1jaGFsbGVuZ2VzL3VzLWNlbnRyYWwxL2FwcC9PXzRudUtFcjVEbw  
 
[debug] [2019-11-06T02:44:54.526Z] <<< HTTP RESPONSE 200
[debug] [2019-11-06T02:44:56.528Z] >>> HTTP REQUEST GET https://cloudfunctions.googleapis.com/v1/operations/ZGlhc2FsZXhhbmRyZS1jaGFsbGVuZ2VzL3VzLWNlbnRyYWwxL2FwcC9PXzRudUtFcjVEbw  
 
[debug] [2019-11-06T02:44:56.878Z] <<< HTTP RESPONSE 200
[debug] [2019-11-06T02:44:58.883Z] >>> HTTP REQUEST GET https://cloudfunctions.googleapis.com/v1/operations/ZGlhc2FsZXhhbmRyZS1jaGFsbGVuZ2VzL3VzLWNlbnRyYWwxL2FwcC9PXzRudUtFcjVEbw  
 
[debug] [2019-11-06T02:44:59.233Z] <<< HTTP RESPONSE 200
[debug] [2019-11-06T02:45:01.237Z] >>> HTTP REQUEST GET https://cloudfunctions.googleapis.com/v1/operations/ZGlhc2FsZXhhbmRyZS1jaGFsbGVuZ2VzL3VzLWNlbnRyYWwxL2FwcC9PXzRudUtFcjVEbw  
 
[debug] [2019-11-06T02:45:01.456Z] <<< HTTP RESPONSE 200
[debug] [2019-11-06T02:45:03.461Z] >>> HTTP REQUEST GET https://cloudfunctions.googleapis.com/v1/operations/ZGlhc2FsZXhhbmRyZS1jaGFsbGVuZ2VzL3VzLWNlbnRyYWwxL2FwcC9PXzRudUtFcjVEbw  
 
[debug] [2019-11-06T02:45:03.739Z] <<< HTTP RESPONSE 200
[debug] [2019-11-06T02:45:05.742Z] >>> HTTP REQUEST GET https://cloudfunctions.googleapis.com/v1/operations/ZGlhc2FsZXhhbmRyZS1jaGFsbGVuZ2VzL3VzLWNlbnRyYWwxL2FwcC9PXzRudUtFcjVEbw  
 
[debug] [2019-11-06T02:45:05.991Z] <<< HTTP RESPONSE 200
[debug] [2019-11-06T02:45:07.997Z] >>> HTTP REQUEST GET https://cloudfunctions.googleapis.com/v1/operations/ZGlhc2FsZXhhbmRyZS1jaGFsbGVuZ2VzL3VzLWNlbnRyYWwxL2FwcC9PXzRudUtFcjVEbw  
 
[debug] [2019-11-06T02:45:08.346Z] <<< HTTP RESPONSE 200
